# JRE version: OpenJDK Runtime Environment JBR-17.0.7+7-979.4-nomod (17.0.7+7) (build 17.0.7+7-b979.4)
# Java VM: OpenJDK 64-Bit Server VM JBR-17.0.7+7-979.4-nomod (17.0.7+7-b979.4, mixed mode, tiered, compressed oops, compressed class ptrs, g1 gc, linux-amd64)
GC Precious Log:
 CPUs: 32 total, 16 available
 Memory: 32040M
 Large Page Support: Disabled
 NUMA Support: Disabled
 Compressed Oops: Enabled (Zero based)
 Heap Region Size: 4M
 Heap Min Capacity: 8M
 Heap Initial Capacity: 504M
 Heap Max Capacity: 8012M
 Pre-touch: Disabled
 Parallel Workers: 13
 Concurrent Workers: 3
 Concurrent Refinement Workers: 13
 Periodic GC: Disabled
Heap:
 garbage-first heap   total 516096K, used 21902K [0x000000060b400000, 0x0000000800000000)
  region size 4096K, 3 young (12288K), 2 survivors (8192K)
 Metaspace       used 12345K, committed 12544K, reserved 1114112K
  class space    used 1030K, committed 1152K, reserved 1048576K
GC Heap History (10 events):
Event: 0.347 GC heap before
{Heap before GC invocations=0 (full 0):
 garbage-first heap   total 516096K, used 20480K [0x000000060b400000, 0x0000000800000000)
  region size 4096K, 6 young (24576K), 0 survivors (0K)
 Metaspace       used 10690K, committed 10880K, reserved 1114112K
  class space    used 870K, committed 960K, reserved 1048576K
}
Event: 0.355 GC heap after
{Heap after GC invocations=1 (full 0):
 garbage-first heap   total 516096K, used 13307K [0x000000060b400000, 0x0000000800000000)
  region size 4096K, 1 young (4096K), 1 survivors (4096K)
 Metaspace       used 10690K, committed 10880K, reserved 1114112K
  class space    used 870K, committed 960K, reserved 1048576K
}
Event: 0.558 GC heap before
{Heap before GC invocations=1 (full 0):
 garbage-first heap   total 516096K, used 29691K [0x000000060b400000, 0x0000000800000000)
  region size 4096K, 6 young (24576K), 1 survivors (4096K)
 Metaspace       used 11046K, committed 11200K, reserved 1114112K
  class space    used 901K, committed 960K, reserved 1048576K
}
Event: 0.562 GC heap after
{Heap after GC invocations=2 (full 0):
 garbage-first heap   total 516096K, used 19300K [0x000000060b400000, 0x0000000800000000)
  region size 4096K, 1 young (4096K), 1 survivors (4096K)
 Metaspace       used 11046K, committed 11200K, reserved 1114112K
  class space    used 901K, committed 960K, reserved 1048576K
}
Event: 1.062 GC heap before
{Heap before GC invocations=2 (full 0):
 garbage-first heap   total 516096K, used 60260K [0x000000060b400000, 0x0000000800000000)
  region size 4096K, 12 young (49152K), 1 survivors (4096K)
 Metaspace       used 11046K, committed 11200K, reserved 1114112K
  class space    used 901K, committed 960K, reserved 1048576K
}
Event: 1.065 GC heap after
{Heap after GC invocations=3 (full 0):
 garbage-first heap   total 516096K, used 21339K [0x000000060b400000, 0x0000000800000000)
  region size 4096K, 2 young (8192K), 2 survivors (8192K)
 Metaspace       used 11046K, committed 11200K, reserved 1114112K
  class space    used 901K, committed 960K, reserved 1048576K
}
Event: 4.666 GC heap before
{Heap before GC invocations=3 (full 0):
 garbage-first heap   total 516096K, used 316251K [0x000000060b400000, 0x0000000800000000)
  region size 4096K, 75 young (307200K), 2 survivors (8192K)
 Metaspace       used 12332K, committed 12544K, reserved 1114112K
  class space    used 1030K, committed 1152K, reserved 1048576K
}
Event: 4.668 GC heap after
{Heap after GC invocations=4 (full 0):
 garbage-first heap   total 516096K, used 21800K [0x000000060b400000, 0x0000000800000000)
  region size 4096K, 2 young (8192K), 2 survivors (8192K)
 Metaspace       used 12332K, committed 12544K, reserved 1114112K
  class space    used 1030K, committed 1152K, reserved 1048576K
}
Event: 8.319 GC heap before
{Heap before GC invocations=4 (full 0):
 garbage-first heap   total 516096K, used 316712K [0x000000060b400000, 0x0000000800000000)
  region size 4096K, 75 young (307200K), 2 survivors (8192K)
 Metaspace       used 12345K, committed 12544K, reserved 1114112K
  class space    used 1030K, committed 1152K, reserved 1048576K
}
Event: 8.320 GC heap after
{Heap after GC invocations=5 (full 0):
 garbage-first heap   total 516096K, used 21902K [0x000000060b400000, 0x0000000800000000)
  region size 4096K, 2 young (8192K), 2 survivors (8192K)
 Metaspace       used 12345K, committed 12544K, reserved 1114112K
  class space    used 1030K, committed 1152K, reserved 1048576K
}

